> Task :gradle-plugin:compileKotlin UP-TO-DATE
> Task :gradle-plugin:compileJava NO-SOURCE
> Task :gradle-plugin:pluginDescriptors UP-TO-DATE
> Task :gradle-plugin:processResources UP-TO-DATE
> Task :gradle-plugin:classes UP-TO-DATE
> Task :gradle-plugin:jar UP-TO-DATE
> Task :gradle-plugin:inspectClassesForKotlinIC UP-TO-DATE
> Task :app:generateCodegenSchemaFromJavaScript SKIPPED
> Task :app:generateCodegenArtifactsFromSchema SKIPPED
> Task :app:generatePackageList
> Task :app:preBuild
> Task :app:preDebugBuild
> Task :app:mergeDebugNativeDebugMetadata NO-SOURCE
> Task :app:generateDebugBuildConfig UP-TO-DATE
> Task :react-native-async-storage_async-storage:preBuild UP-TO-DATE
> Task :react-native-async-storage_async-storage:preDebugBuild UP-TO-DATE
> Task :react-native-async-storage_async-storage:writeDebugAarMetadata UP-TO-DATE
> Task :react-native-safe-area-context:preBuild UP-TO-DATE
> Task :react-native-safe-area-context:preDebugBuild UP-TO-DATE
> Task :react-native-screens:preBuild UP-TO-DATE
> Task :react-native-screens:preDebugBuild UP-TO-DATE
> Task :react-native-track-player:preBuild UP-TO-DATE
> Task :react-native-track-player:preDebugBuild UP-TO-DATE
> Task :react-native-screens:writeDebugAarMetadata
> Task :react-native-safe-area-context:writeDebugAarMetadata
> Task :react-native-vector-icons:preBuild UP-TO-DATE
> Task :react-native-vector-icons:preDebugBuild UP-TO-DATE
> Task :react-native-vector-icons:writeDebugAarMetadata UP-TO-DATE
> Task :app:generateDebugResValues UP-TO-DATE
> Task :react-native-async-storage_async-storage:generateDebugResValues UP-TO-DATE
> Task :react-native-track-player:writeDebugAarMetadata
> Task :react-native-async-storage_async-storage:generateDebugResources UP-TO-DATE
WARNING: [Processor] Library 'C:\Users\tunaoz\.gradle\caches\modules-2\files-2.1\com.github.doublesymmetry\kotlinaudio\v2.0.0\fcd08904b2f2d2d08aa2782904d1e1c2621f63a0\kotlinaudio-v2.0.0.aar' contains references to both AndroidX and old support library. This seems like the library is partially migrated. Jetifier will try to rewrite the library anyway.
 Example of androidX reference: 'androidx/annotation/DrawableRes'
 Example of support library reference: 'android/support/v4/media/RatingCompat'
> Task :react-native-async-storage_async-storage:packageDebugResources UP-TO-DATE
> Task :react-native-safe-area-context:generateDebugResValues
> Task :react-native-safe-area-context:generateDebugResources
> Task :app:checkDebugAarMetadata
> Task :react-native-safe-area-context:packageDebugResources
> Task :react-native-screens:generateDebugResValues
> Task :react-native-screens:generateDebugResources
> Task :react-native-screens:packageDebugResources
> Task :react-native-track-player:generateDebugResValues
> Task :react-native-track-player:generateDebugResources
> Task :react-native-track-player:packageDebugResources
> Task :react-native-vector-icons:generateDebugResValues UP-TO-DATE
> Task :react-native-vector-icons:generateDebugResources UP-TO-DATE
> Task :react-native-vector-icons:packageDebugResources UP-TO-DATE
> Task :app:mapDebugSourceSetPaths
> Task :app:generateDebugResources UP-TO-DATE
> Task :app:packageDebugResources UP-TO-DATE
> Task :app:parseDebugLocalResources UP-TO-DATE
> Task :app:createDebugCompatibleScreenManifests UP-TO-DATE
> Task :app:extractDeepLinksDebug UP-TO-DATE
> Task :react-native-async-storage_async-storage:extractDeepLinksDebug UP-TO-DATE
> Task :react-native-async-storage_async-storage:processDebugManifest UP-TO-DATE
> Task :react-native-safe-area-context:extractDeepLinksDebug
> Task :react-native-screens:extractDeepLinksDebug
> Task :react-native-track-player:extractDeepLinksDebug UP-TO-DATE
> Task :react-native-vector-icons:extractDeepLinksDebug UP-TO-DATE
> Task :react-native-vector-icons:processDebugManifest UP-TO-DATE
> Task :react-native-async-storage_async-storage:compileDebugLibraryResources UP-TO-DATE
> Task :react-native-async-storage_async-storage:parseDebugLocalResources UP-TO-DATE
> Task :react-native-async-storage_async-storage:generateDebugRFile UP-TO-DATE
> Task :react-native-safe-area-context:compileDebugLibraryResources
> Task :react-native-screens:parseDebugLocalResources
> Task :react-native-safe-area-context:parseDebugLocalResources

> Task :react-native-screens:processDebugManifest
package="com.swmansion.rnscreens" found in source AndroidManifest.xml: E:\rtmusicbox\mobile\node_modules\react-native-screens\android\src\main\AndroidManifest.xml.
Setting the namespace via the package attribute in the source AndroidManifest.xml is no longer supported, and the value is ignored.
Recommendation: remove package="com.swmansion.rnscreens" from the source AndroidManifest.xml: E:\rtmusicbox\mobile\node_modules\react-native-screens\android\src\main\AndroidManifest.xml.

> Task :react-native-safe-area-context:processDebugManifest
package="com.th3rdwave.safeareacontext" found in source AndroidManifest.xml: E:\rtmusicbox\mobile\node_modules\react-native-safe-area-context\android\src\main\AndroidManifest.xml.
Setting the namespace via the package attribute in the source AndroidManifest.xml is no longer supported, and the value is ignored.
Recommendation: remove package="com.th3rdwave.safeareacontext" from the source AndroidManifest.xml: E:\rtmusicbox\mobile\node_modules\react-native-safe-area-context\android\src\main\AndroidManifest.xml.

> Task :react-native-track-player:processDebugManifest
package="com.doublesymmetry.trackplayer" found in source AndroidManifest.xml: E:\rtmusicbox\mobile\node_modules\react-native-track-player\android\src\main\AndroidManifest.xml.
Setting the namespace via the package attribute in the source AndroidManifest.xml is no longer supported, and the value is ignored.
Recommendation: remove package="com.doublesymmetry.trackplayer" from the source AndroidManifest.xml: E:\rtmusicbox\mobile\node_modules\react-native-track-player\android\src\main\AndroidManifest.xml.

> Task :react-native-track-player:compileDebugLibraryResources
> Task :react-native-screens:compileDebugLibraryResources
> Task :app:processDebugMainManifest
> Task :app:processDebugManifest
> Task :app:processDebugManifestForPackage
> Task :react-native-vector-icons:compileDebugLibraryResources UP-TO-DATE
> Task :react-native-vector-icons:parseDebugLocalResources UP-TO-DATE
> Task :react-native-vector-icons:generateDebugRFile UP-TO-DATE
> Task :react-native-track-player:parseDebugLocalResources
> Task :react-native-async-storage_async-storage:generateDebugBuildConfig UP-TO-DATE
> Task :react-native-safe-area-context:generateDebugRFile
> Task :react-native-async-storage_async-storage:javaPreCompileDebug UP-TO-DATE
> Task :react-native-screens:generateDebugRFile
> Task :react-native-async-storage_async-storage:compileDebugJavaWithJavac UP-TO-DATE
> Task :react-native-async-storage_async-storage:bundleLibCompileToJarDebug UP-TO-DATE
> Task :react-native-safe-area-context:generateDebugBuildConfig
> Task :react-native-track-player:generateDebugRFile
> Task :react-native-safe-area-context:javaPreCompileDebug
> Task :react-native-screens:generateDebugBuildConfig
> Task :app:mergeDebugResources

> Task :react-native-safe-area-context:compileDebugKotlin
w: file:///E:/rtmusicbox/mobile/node_modules/react-native-safe-area-context/android/src/main/java/com/th3rdwave/safeareacontext/SafeAreaContextModule.kt:6:46 'ReactModule' is deprecated. Deprecated in Java
w: file:///E:/rtmusicbox/mobile/node_modules/react-native-safe-area-context/android/src/main/java/com/th3rdwave/safeareacontext/SafeAreaContextModule.kt:8:2 'ReactModule' is deprecated. Deprecated in Java
w: file:///E:/rtmusicbox/mobile/node_modules/react-native-safe-area-context/android/src/main/java/com/th3rdwave/safeareacontext/SafeAreaContextPackage.kt:6:46 'ReactModule' is deprecated. Deprecated in Java
w: file:///E:/rtmusicbox/mobile/node_modules/react-native-safe-area-context/android/src/main/java/com/th3rdwave/safeareacontext/SafeAreaContextPackage.kt:25:51 'ReactModule' is deprecated. Deprecated in Java
w: file:///E:/rtmusicbox/mobile/node_modules/react-native-safe-area-context/android/src/main/java/com/th3rdwave/safeareacontext/SafeAreaContextPackage.kt:27:11 'constructor ReactModuleInfo(String!, String!, Boolean, Boolean, Boolean, Boolean, Boolean)' is deprecated. Deprecated in Java
w: file:///E:/rtmusicbox/mobile/node_modules/react-native-safe-area-context/android/src/main/java/com/th3rdwave/safeareacontext/SafeAreaContextPackage.kt:33:27 'hasConstants: Boolean' is deprecated. Deprecated in Java
w: file:///E:/rtmusicbox/mobile/node_modules/react-native-safe-area-context/android/src/main/java/com/th3rdwave/safeareacontext/SafeAreaProviderManager.kt:4:46 'ReactModule' is deprecated. Deprecated in Java
w: file:///E:/rtmusicbox/mobile/node_modules/react-native-safe-area-context/android/src/main/java/com/th3rdwave/safeareacontext/SafeAreaProviderManager.kt:11:2 'ReactModule' is deprecated. Deprecated in Java
w: file:///E:/rtmusicbox/mobile/node_modules/react-native-safe-area-context/android/src/main/java/com/th3rdwave/safeareacontext/SafeAreaView.kt:59:23 'getter for uiImplementation: UIImplementation!' is deprecated. Deprecated in Java
w: file:///E:/rtmusicbox/mobile/node_modules/react-native-safe-area-context/android/src/main/java/com/th3rdwave/safeareacontext/SafeAreaViewManager.kt:4:46 'ReactModule' is deprecated. Deprecated in Java
w: file:///E:/rtmusicbox/mobile/node_modules/react-native-safe-area-context/android/src/main/java/com/th3rdwave/safeareacontext/SafeAreaViewManager.kt:14:2 'ReactModule' is deprecated. Deprecated in Java

> Task :react-native-safe-area-context:compileDebugJavaWithJavac
Note: E:\rtmusicbox\mobile\node_modules\react-native-safe-area-context\android\src\paper\java\com\th3rdwave\safeareacontext\NativeSafeAreaContextSpec.java uses or overrides a deprecated API.
Note: Recompile with -Xlint:deprecation for details.

> Task :react-native-screens:javaPreCompileDebug
> Task :react-native-track-player:generateDebugBuildConfig UP-TO-DATE
> Task :react-native-safe-area-context:bundleLibCompileToJarDebug
> Task :app:processDebugResources

> Task :react-native-screens:compileDebugKotlin
w: file:///E:/rtmusicbox/mobile/node_modules/react-native-screens/android/src/main/java/com/swmansion/rnscreens/ModalScreenViewManager.kt:3:46 'ReactModule' is deprecated. Deprecated in Java
w: file:///E:/rtmusicbox/mobile/node_modules/react-native-screens/android/src/main/java/com/swmansion/rnscreens/ModalScreenViewManager.kt:5:2 'ReactModule' is deprecated. Deprecated in Java
w: file:///E:/rtmusicbox/mobile/node_modules/react-native-screens/android/src/main/java/com/swmansion/rnscreens/RNScreensPackage.kt:42:47 'constructor ReactModuleInfo(String!, String!, Boolean, Boolean, Boolean, Boolean, Boolean)' is deprecated. Deprecated in Java
w: file:///E:/rtmusicbox/mobile/node_modules/react-native-screens/android/src/main/java/com/swmansion/rnscreens/ScreenContainerViewManager.kt:5:46 'ReactModule' is deprecated. Deprecated in Java
w: file:///E:/rtmusicbox/mobile/node_modules/react-native-screens/android/src/main/java/com/swmansion/rnscreens/ScreenContainerViewManager.kt:10:2 'ReactModule' is deprecated. Deprecated in Java
w: file:///E:/rtmusicbox/mobile/node_modules/react-native-screens/android/src/main/java/com/swmansion/rnscreens/ScreenStackFragment.kt:65:27 'setter for targetElevation: Float' is deprecated. Deprecated in Java
w: file:///E:/rtmusicbox/mobile/node_modules/react-native-screens/android/src/main/java/com/swmansion/rnscreens/ScreenStackFragment.kt:128:27 'setter for targetElevation: Float' is deprecated. Deprecated in Java
w: file:///E:/rtmusicbox/mobile/node_modules/react-native-screens/android/src/main/java/com/swmansion/rnscreens/ScreenStackHeaderConfig.kt:86:34 'getter for systemWindowInsetTop: Int' is deprecated. Deprecated in Java
w: file:///E:/rtmusicbox/mobile/node_modules/react-native-screens/android/src/main/java/com/swmansion/rnscreens/ScreenStackHeaderConfig.kt:231:37 'setColorFilter(Int, PorterDuff.Mode): Unit' is deprecated. Deprecated in Java
w: file:///E:/rtmusicbox/mobile/node_modules/react-native-screens/android/src/main/java/com/swmansion/rnscreens/ScreenStackHeaderConfigViewManager.kt:7:46 'ReactModule' is deprecated. Deprecated in Java
w: file:///E:/rtmusicbox/mobile/node_modules/react-native-screens/android/src/main/java/com/swmansion/rnscreens/ScreenStackHeaderConfigViewManager.kt:18:2 'ReactModule' is deprecated. Deprecated in Java
w: file:///E:/rtmusicbox/mobile/node_modules/react-native-screens/android/src/main/java/com/swmansion/rnscreens/ScreenStackHeaderSubviewManager.kt:4:46 'ReactModule' is deprecated. Deprecated in Java
w: file:///E:/rtmusicbox/mobile/node_modules/react-native-screens/android/src/main/java/com/swmansion/rnscreens/ScreenStackHeaderSubviewManager.kt:12:2 'ReactModule' is deprecated. Deprecated in Java
w: file:///E:/rtmusicbox/mobile/node_modules/react-native-screens/android/src/main/java/com/swmansion/rnscreens/ScreenStackViewManager.kt:6:46 'ReactModule' is deprecated. Deprecated in Java
w: file:///E:/rtmusicbox/mobile/node_modules/react-native-screens/android/src/main/java/com/swmansion/rnscreens/ScreenStackViewManager.kt:15:2 'ReactModule' is deprecated. Deprecated in Java
w: file:///E:/rtmusicbox/mobile/node_modules/react-native-screens/android/src/main/java/com/swmansion/rnscreens/ScreenViewManager.kt:6:46 'ReactModule' is deprecated. Deprecated in Java
w: file:///E:/rtmusicbox/mobile/node_modules/react-native-screens/android/src/main/java/com/swmansion/rnscreens/ScreenViewManager.kt:24:2 'ReactModule' is deprecated. Deprecated in Java
w: file:///E:/rtmusicbox/mobile/node_modules/react-native-screens/android/src/main/java/com/swmansion/rnscreens/ScreenViewManager.kt:47:42 'setStateWrapper(StateWrapper!): Unit' is deprecated. Deprecated in Java
w: file:///E:/rtmusicbox/mobile/node_modules/react-native-screens/android/src/main/java/com/swmansion/rnscreens/ScreenWindowTraits.kt:135:47 'replaceSystemWindowInsets(Int, Int, Int, Int): WindowInsetsCompat' is deprecated. Deprecated in Java
w: file:///E:/rtmusicbox/mobile/node_modules/react-native-screens/android/src/main/java/com/swmansion/rnscreens/ScreenWindowTraits.kt:136:51 'getter for systemWindowInsetLeft: Int' is deprecated. Deprecated in Java
w: file:///E:/rtmusicbox/mobile/node_modules/react-native-screens/android/src/main/java/com/swmansion/rnscreens/ScreenWindowTraits.kt:138:51 'getter for systemWindowInsetRight: Int' is deprecated. Deprecated in Java
w: file:///E:/rtmusicbox/mobile/node_modules/react-native-screens/android/src/main/java/com/swmansion/rnscreens/ScreenWindowTraits.kt:139:51 'getter for systemWindowInsetBottom: Int' is deprecated. Deprecated in Java
w: file:///E:/rtmusicbox/mobile/node_modules/react-native-screens/android/src/main/java/com/swmansion/rnscreens/ScreensModule.kt:7:46 'ReactModule' is deprecated. Deprecated in Java
w: file:///E:/rtmusicbox/mobile/node_modules/react-native-screens/android/src/main/java/com/swmansion/rnscreens/ScreensModule.kt:12:2 'ReactModule' is deprecated. Deprecated in Java
w: file:///E:/rtmusicbox/mobile/node_modules/react-native-screens/android/src/main/java/com/swmansion/rnscreens/SearchBarManager.kt:6:46 'ReactModule' is deprecated. Deprecated in Java
w: file:///E:/rtmusicbox/mobile/node_modules/react-native-screens/android/src/main/java/com/swmansion/rnscreens/SearchBarManager.kt:17:2 'ReactModule' is deprecated. Deprecated in Java
w: file:///E:/rtmusicbox/mobile/node_modules/react-native-screens/android/src/main/java/com/swmansion/rnscreens/SearchBarManager.kt:100:22 Parameter 'view' is never used
w: file:///E:/rtmusicbox/mobile/node_modules/react-native-screens/android/src/main/java/com/swmansion/rnscreens/SearchBarManager.kt:100:43 Parameter 'placeholder' is never used
w: file:///E:/rtmusicbox/mobile/node_modules/react-native-screens/android/src/main/java/com/swmansion/rnscreens/SearchBarView.kt:147:43 Parameter 'flag' is never used
w: file:///E:/rtmusicbox/mobile/node_modules/react-native-screens/android/src/main/java/com/swmansion/rnscreens/events/HeaderHeightChangeEvent.kt:6:44 'RCTEventEmitter' is deprecated. Deprecated in Java
w: file:///E:/rtmusicbox/mobile/node_modules/react-native-screens/android/src/paper/java/com/swmansion/rnscreens/FabricEnabledViewGroup.kt:5:37 'FabricViewStateManager' is deprecated. Deprecated in Java
w: file:///E:/rtmusicbox/mobile/node_modules/react-native-screens/android/src/paper/java/com/swmansion/rnscreens/FabricEnabledViewGroup.kt:9:48 'FabricViewStateManager' is deprecated. Deprecated in Java
w: file:///E:/rtmusicbox/mobile/node_modules/react-native-screens/android/src/paper/java/com/swmansion/rnscreens/FabricEnabledViewGroup.kt:11:42 Parameter 'width' is never used
w: file:///E:/rtmusicbox/mobile/node_modules/react-native-screens/android/src/paper/java/com/swmansion/rnscreens/FabricEnabledViewGroup.kt:11:54 Parameter 'height' is never used
w: file:///E:/rtmusicbox/mobile/node_modules/react-native-screens/android/src/paper/java/com/swmansion/rnscreens/FabricEnabledViewGroup.kt:11:67 Parameter 'headerHeight' is never used

> Task :react-native-screens:compileDebugJavaWithJavac
Note: E:\rtmusicbox\mobile\node_modules\react-native-screens\android\src\paper\java\com\swmansion\rnscreens\NativeScreensModuleSpec.java uses or overrides a deprecated API.
Note: Recompile with -Xlint:deprecation for details.

> Task :react-native-track-player:javaPreCompileDebug UP-TO-DATE
> Task :react-native-vector-icons:generateDebugBuildConfig UP-TO-DATE
> Task :react-native-vector-icons:javaPreCompileDebug UP-TO-DATE
> Task :react-native-vector-icons:compileDebugJavaWithJavac UP-TO-DATE
> Task :react-native-vector-icons:bundleLibCompileToJarDebug UP-TO-DATE
> Task :app:javaPreCompileDebug UP-TO-DATE
> Task :app:mergeDebugShaders UP-TO-DATE
> Task :app:compileDebugShaders NO-SOURCE
> Task :app:generateDebugAssets UP-TO-DATE
> Task :react-native-async-storage_async-storage:mergeDebugShaders UP-TO-DATE
> Task :react-native-async-storage_async-storage:compileDebugShaders NO-SOURCE
> Task :react-native-async-storage_async-storage:generateDebugAssets UP-TO-DATE
> Task :react-native-async-storage_async-storage:packageDebugAssets UP-TO-DATE
> Task :react-native-safe-area-context:mergeDebugShaders
> Task :react-native-safe-area-context:compileDebugShaders NO-SOURCE
> Task :react-native-safe-area-context:generateDebugAssets UP-TO-DATE
> Task :react-native-safe-area-context:packageDebugAssets
> Task :react-native-screens:mergeDebugShaders
> Task :react-native-screens:compileDebugShaders NO-SOURCE
> Task :react-native-screens:generateDebugAssets UP-TO-DATE
> Task :react-native-screens:packageDebugAssets
> Task :react-native-screens:bundleLibCompileToJarDebug
> Task :react-native-track-player:mergeDebugShaders
> Task :react-native-track-player:compileDebugShaders NO-SOURCE
> Task :react-native-track-player:generateDebugAssets UP-TO-DATE
> Task :react-native-track-player:packageDebugAssets
> Task :react-native-vector-icons:mergeDebugShaders UP-TO-DATE
> Task :react-native-vector-icons:compileDebugShaders NO-SOURCE
> Task :react-native-vector-icons:generateDebugAssets UP-TO-DATE
> Task :react-native-vector-icons:packageDebugAssets UP-TO-DATE
> Task :app:mergeDebugAssets UP-TO-DATE
> Task :app:compressDebugAssets UP-TO-DATE
> Task :react-native-async-storage_async-storage:bundleLibRuntimeToJarDebug UP-TO-DATE
> Task :react-native-vector-icons:bundleLibRuntimeToJarDebug UP-TO-DATE
> Task :react-native-safe-area-context:bundleLibRuntimeToJarDebug
> Task :react-native-screens:bundleLibRuntimeToJarDebug
> Task :app:desugarDebugFileDependencies
> Task :react-native-async-storage_async-storage:processDebugJavaRes NO-SOURCE
> Task :react-native-safe-area-context:processDebugJavaRes
> Task :react-native-screens:processDebugJavaRes
> Task :react-native-vector-icons:processDebugJavaRes NO-SOURCE
> Task :app:mergeDebugJniLibFolders UP-TO-DATE
> Task :react-native-async-storage_async-storage:mergeDebugJniLibFolders UP-TO-DATE
> Task :react-native-async-storage_async-storage:mergeDebugNativeLibs NO-SOURCE
> Task :react-native-async-storage_async-storage:copyDebugJniLibsProjectOnly UP-TO-DATE
> Task :react-native-safe-area-context:mergeDebugJniLibFolders
> Task :react-native-safe-area-context:mergeDebugNativeLibs NO-SOURCE
> Task :react-native-safe-area-context:copyDebugJniLibsProjectOnly
> Task :app:checkDebugDuplicateClasses

> Task :react-native-screens:configureCMakeDebug[arm64-v8a]
[CXX5304] This version only understands SDK XML versions up to 3 but an SDK XML file of version 4 was encountered. This can happen if you use versions of Android Studio and the command-line tools that were released at different times.
[CXX5304] This version only understands SDK XML versions up to 3 but an SDK XML file of version 4 was encountered. This can happen if you use versions of Android Studio and the command-line tools that were released at different times.
[CXX5304] package.xml parsing problem. unexpected element (uri:"", local:"abis"). Expected elements are <{}vendor>,<{}codename>,<{}base-extension>,<{}abi>,<{}api-level>,<{}extension-level>,<{}tag>
[CXX5304] package.xml parsing problem. unexpected element (uri:"", local:"abis"). Expected elements are <{}vendor>,<{}codename>,<{}base-extension>,<{}abi>,<{}api-level>,<{}extension-level>,<{}tag>
[CXX5304] package.xml parsing problem. unexpected element (uri:"", local:"translatedAbis"). Expected elements are <{}vendor>,<{}codename>,<{}base-extension>,<{}abi>,<{}api-level>,<{}extension-level>,<{}tag>
[CXX5304] package.xml parsing problem. unexpected element (uri:"", local:"translatedAbis"). Expected elements are <{}vendor>,<{}codename>,<{}base-extension>,<{}abi>,<{}api-level>,<{}extension-level>,<{}tag>

> Task :react-native-track-player:compileDebugKotlin
w: file:///E:/rtmusicbox/mobile/node_modules/react-native-track-player/android/src/main/java/com/doublesymmetry/trackplayer/model/MetadataAdapter.kt:4:38 'MediaMetadata' is deprecated. Deprecated in Java
w: file:///E:/rtmusicbox/mobile/node_modules/react-native-track-player/android/src/main/java/com/doublesymmetry/trackplayer/model/MetadataAdapter.kt:5:47 'Metadata' is deprecated. Deprecated in Java
w: file:///E:/rtmusicbox/mobile/node_modules/react-native-track-player/android/src/main/java/com/doublesymmetry/trackplayer/model/MetadataAdapter.kt:6:52 'VorbisComment' is deprecated. Deprecated in Java
w: file:///E:/rtmusicbox/mobile/node_modules/react-native-track-player/android/src/main/java/com/doublesymmetry/trackplayer/model/MetadataAdapter.kt:7:51 'IcyHeaders' is deprecated. Deprecated in Java
w: file:///E:/rtmusicbox/mobile/node_modules/react-native-track-player/android/src/main/java/com/doublesymmetry/trackplayer/model/MetadataAdapter.kt:8:51 'IcyInfo' is deprecated. Deprecated in Java
w: file:///E:/rtmusicbox/mobile/node_modules/react-native-track-player/android/src/main/java/com/doublesymmetry/trackplayer/model/MetadataAdapter.kt:9:51 'ChapterFrame' is deprecated. Deprecated in Java
w: file:///E:/rtmusicbox/mobile/node_modules/react-native-track-player/android/src/main/java/com/doublesymmetry/trackplayer/model/MetadataAdapter.kt:10:51 'TextInformationFrame' is deprecated. Deprecated in Java
w: file:///E:/rtmusicbox/mobile/node_modules/react-native-track-player/android/src/main/java/com/doublesymmetry/trackplayer/model/MetadataAdapter.kt:11:51 'UrlLinkFrame' is deprecated. Deprecated in Java
w: file:///E:/rtmusicbox/mobile/node_modules/react-native-track-player/android/src/main/java/com/doublesymmetry/trackplayer/model/MetadataAdapter.kt:12:51 'MdtaMetadataEntry' is deprecated. Deprecated in Java
w: file:///E:/rtmusicbox/mobile/node_modules/react-native-track-player/android/src/main/java/com/doublesymmetry/trackplayer/model/MetadataAdapter.kt:17:36 'Metadata' is deprecated. Deprecated in Java
w: file:///E:/rtmusicbox/mobile/node_modules/react-native-track-player/android/src/main/java/com/doublesymmetry/trackplayer/model/MetadataAdapter.kt:25:28 'ChapterFrame' is deprecated. Deprecated in Java
w: file:///E:/rtmusicbox/mobile/node_modules/react-native-track-player/android/src/main/java/com/doublesymmetry/trackplayer/model/MetadataAdapter.kt:28:28 'TextInformationFrame' is deprecated. Deprecated in Java
w: file:///E:/rtmusicbox/mobile/node_modules/react-native-track-player/android/src/main/java/com/doublesymmetry/trackplayer/model/MetadataAdapter.kt:33:62 'value: String' is deprecated. Deprecated in Java
w: file:///E:/rtmusicbox/mobile/node_modules/react-native-track-player/android/src/main/java/com/doublesymmetry/trackplayer/model/MetadataAdapter.kt:37:66 'value: String' is deprecated. Deprecated in Java
w: file:///E:/rtmusicbox/mobile/node_modules/react-native-track-player/android/src/main/java/com/doublesymmetry/trackplayer/model/MetadataAdapter.kt:41:63 'value: String' is deprecated. Deprecated in Java
w: file:///E:/rtmusicbox/mobile/node_modules/react-native-track-player/android/src/main/java/com/doublesymmetry/trackplayer/model/MetadataAdapter.kt:45:69 'value: String' is deprecated. Deprecated in Java
w: file:///E:/rtmusicbox/mobile/node_modules/react-native-track-player/android/src/main/java/com/doublesymmetry/trackplayer/model/MetadataAdapter.kt:49:62 'value: String' is deprecated. Deprecated in Java
w: file:///E:/rtmusicbox/mobile/node_modules/react-native-track-player/android/src/main/java/com/doublesymmetry/trackplayer/model/MetadataAdapter.kt:56:63 'value: String' is deprecated. Deprecated in Java
w: file:///E:/rtmusicbox/mobile/node_modules/react-native-track-player/android/src/main/java/com/doublesymmetry/trackplayer/model/MetadataAdapter.kt:61:28 'UrlLinkFrame' is deprecated. Deprecated in Java
w: file:///E:/rtmusicbox/mobile/node_modules/react-native-track-player/android/src/main/java/com/doublesymmetry/trackplayer/model/MetadataAdapter.kt:70:28 'IcyHeaders' is deprecated. Deprecated in Java
w: file:///E:/rtmusicbox/mobile/node_modules/react-native-track-player/android/src/main/java/com/doublesymmetry/trackplayer/model/MetadataAdapter.kt:98:28 'IcyInfo' is deprecated. Deprecated in Java
w: file:///E:/rtmusicbox/mobile/node_modules/react-native-track-player/android/src/main/java/com/doublesymmetry/trackplayer/model/MetadataAdapter.kt:117:28 'VorbisComment' is deprecated. Deprecated in Java
w: file:///E:/rtmusicbox/mobile/node_modules/react-native-track-player/android/src/main/java/com/doublesymmetry/trackplayer/model/MetadataAdapter.kt:153:28 'MdtaMetadataEntry' is deprecated. Deprecated in Java
w: file:///E:/rtmusicbox/mobile/node_modules/react-native-track-player/android/src/main/java/com/doublesymmetry/trackplayer/model/MetadataAdapter.kt:193:41 'MediaMetadata' is deprecated. Deprecated in Java
w: file:///E:/rtmusicbox/mobile/node_modules/react-native-track-player/android/src/main/java/com/doublesymmetry/trackplayer/model/PlaybackMetadata.kt:3:47 'Metadata' is deprecated. Deprecated in Java
w: file:///E:/rtmusicbox/mobile/node_modules/react-native-track-player/android/src/main/java/com/doublesymmetry/trackplayer/model/PlaybackMetadata.kt:4:52 'VorbisComment' is deprecated. Deprecated in Java
w: file:///E:/rtmusicbox/mobile/node_modules/react-native-track-player/android/src/main/java/com/doublesymmetry/trackplayer/model/PlaybackMetadata.kt:5:51 'IcyHeaders' is deprecated. Deprecated in Java
w: file:///E:/rtmusicbox/mobile/node_modules/react-native-track-player/android/src/main/java/com/doublesymmetry/trackplayer/model/PlaybackMetadata.kt:6:51 'IcyInfo' is deprecated. Deprecated in Java
w: file:///E:/rtmusicbox/mobile/node_modules/react-native-track-player/android/src/main/java/com/doublesymmetry/trackplayer/model/PlaybackMetadata.kt:7:51 'TextInformationFrame' is deprecated. Deprecated in Java
w: file:///E:/rtmusicbox/mobile/node_modules/react-native-track-player/android/src/main/java/com/doublesymmetry/trackplayer/model/PlaybackMetadata.kt:8:51 'UrlLinkFrame' is deprecated. Deprecated in Java
w: file:///E:/rtmusicbox/mobile/node_modules/react-native-track-player/android/src/main/java/com/doublesymmetry/trackplayer/model/PlaybackMetadata.kt:9:51 'MdtaMetadataEntry' is deprecated. Deprecated in Java
w: file:///E:/rtmusicbox/mobile/node_modules/react-native-track-player/android/src/main/java/com/doublesymmetry/trackplayer/model/PlaybackMetadata.kt:25:39 'Metadata' is deprecated. Deprecated in Java
w: file:///E:/rtmusicbox/mobile/node_modules/react-native-track-player/android/src/main/java/com/doublesymmetry/trackplayer/model/PlaybackMetadata.kt:37:24 'TextInformationFrame' is deprecated. Deprecated in Java
w: file:///E:/rtmusicbox/mobile/node_modules/react-native-track-player/android/src/main/java/com/doublesymmetry/trackplayer/model/PlaybackMetadata.kt:41:47 'value: String' is deprecated. Deprecated in Java
w: file:///E:/rtmusicbox/mobile/node_modules/react-native-track-player/android/src/main/java/com/doublesymmetry/trackplayer/model/PlaybackMetadata.kt:45:47 'value: String' is deprecated. Deprecated in Java
w: file:///E:/rtmusicbox/mobile/node_modules/react-native-track-player/android/src/main/java/com/doublesymmetry/trackplayer/model/PlaybackMetadata.kt:49:48 'value: String' is deprecated. Deprecated in Java
w: file:///E:/rtmusicbox/mobile/node_modules/react-native-track-player/android/src/main/java/com/doublesymmetry/trackplayer/model/PlaybackMetadata.kt:53:46 'value: String' is deprecated. Deprecated in Java
w: file:///E:/rtmusicbox/mobile/node_modules/react-native-track-player/android/src/main/java/com/doublesymmetry/trackplayer/model/PlaybackMetadata.kt:57:47 'value: String' is deprecated. Deprecated in Java
w: file:///E:/rtmusicbox/mobile/node_modules/react-native-track-player/android/src/main/java/com/doublesymmetry/trackplayer/model/PlaybackMetadata.kt:62:24 'UrlLinkFrame' is deprecated. Deprecated in Java
w: file:///E:/rtmusicbox/mobile/node_modules/react-native-track-player/android/src/main/java/com/doublesymmetry/trackplayer/model/PlaybackMetadata.kt:81:31 'Metadata' is deprecated. Deprecated in Java
w: file:///E:/rtmusicbox/mobile/node_modules/react-native-track-player/android/src/main/java/com/doublesymmetry/trackplayer/model/PlaybackMetadata.kt:84:24 'IcyHeaders' is deprecated. Deprecated in Java
w: file:///E:/rtmusicbox/mobile/node_modules/react-native-track-player/android/src/main/java/com/doublesymmetry/trackplayer/model/PlaybackMetadata.kt:87:24 'IcyInfo' is deprecated. Deprecated in Java
w: file:///E:/rtmusicbox/mobile/node_modules/react-native-track-player/android/src/main/java/com/doublesymmetry/trackplayer/model/PlaybackMetadata.kt:112:41 'Metadata' is deprecated. Deprecated in Java
w: file:///E:/rtmusicbox/mobile/node_modules/react-native-track-player/android/src/main/java/com/doublesymmetry/trackplayer/model/PlaybackMetadata.kt:124:30 'VorbisComment' is deprecated. Deprecated in Java
w: file:///E:/rtmusicbox/mobile/node_modules/react-native-track-player/android/src/main/java/com/doublesymmetry/trackplayer/model/PlaybackMetadata.kt:160:37 'Metadata' is deprecated. Deprecated in Java
w: file:///E:/rtmusicbox/mobile/node_modules/react-native-track-player/android/src/main/java/com/doublesymmetry/trackplayer/model/PlaybackMetadata.kt:171:30 'MdtaMetadataEntry' is deprecated. Deprecated in Java
w: file:///E:/rtmusicbox/mobile/node_modules/react-native-track-player/android/src/main/java/com/doublesymmetry/trackplayer/model/Track.kt:9:47 'RawResourceDataSource' is deprecated. Deprecated in Java
w: file:///E:/rtmusicbox/mobile/node_modules/react-native-track-player/android/src/main/java/com/doublesymmetry/trackplayer/model/Track.kt:40:13 'RawResourceDataSource' is deprecated. Deprecated in Java
w: file:///E:/rtmusicbox/mobile/node_modules/react-native-track-player/android/src/main/java/com/doublesymmetry/trackplayer/module/MusicModule.kt:8:47 'LocalBroadcastManager' is deprecated. Deprecated in Java
w: file:///E:/rtmusicbox/mobile/node_modules/react-native-track-player/android/src/main/java/com/doublesymmetry/trackplayer/module/MusicModule.kt:19:38 'DefaultLoadControl' is deprecated. Deprecated in Java
w: file:///E:/rtmusicbox/mobile/node_modules/react-native-track-player/android/src/main/java/com/doublesymmetry/trackplayer/module/MusicModule.kt:20:38 'Player' is deprecated. Deprecated in Java
w: file:///E:/rtmusicbox/mobile/node_modules/react-native-track-player/android/src/main/java/com/doublesymmetry/trackplayer/module/MusicModule.kt:156:34 'Player' is deprecated. Deprecated in Java
w: file:///E:/rtmusicbox/mobile/node_modules/react-native-track-player/android/src/main/java/com/doublesymmetry/trackplayer/module/MusicModule.kt:157:36 'Player' is deprecated. Deprecated in Java
w: file:///E:/rtmusicbox/mobile/node_modules/react-native-track-player/android/src/main/java/com/doublesymmetry/trackplayer/module/MusicModule.kt:158:36 'Player' is deprecated. Deprecated in Java
w: file:///E:/rtmusicbox/mobile/node_modules/react-native-track-player/android/src/main/java/com/doublesymmetry/trackplayer/module/MusicModule.kt:232:9 'LocalBroadcastManager' is deprecated. Deprecated in Java
w: file:///E:/rtmusicbox/mobile/node_modules/react-native-track-player/android/src/main/java/com/doublesymmetry/trackplayer/module/MusicModule.kt:357:13 Variable 'context' is never used
w: file:///E:/rtmusicbox/mobile/node_modules/react-native-track-player/android/src/main/java/com/doublesymmetry/trackplayer/service/MusicService.kt:176:13 'stoppingAppPausesPlayback: Boolean' is deprecated. This will be removed soon
w: file:///E:/rtmusicbox/mobile/node_modules/react-native-track-player/android/src/main/java/com/doublesymmetry/trackplayer/service/MusicService.kt:177:17 'stoppingAppPausesPlayback: Boolean' is deprecated. This will be removed soon
w: file:///E:/rtmusicbox/mobile/node_modules/react-native-track-player/android/src/main/java/com/doublesymmetry/trackplayer/utils/BundleUtils.kt:16:19 'get(String!): Any?' is deprecated. Deprecated in Java
w: file:///E:/rtmusicbox/mobile/node_modules/react-native-track-player/android/src/main/java/com/doublesymmetry/trackplayer/utils/BundleUtils.kt:45:19 'get(String!): Any?' is deprecated. Deprecated in Java
w: file:///E:/rtmusicbox/mobile/node_modules/react-native-track-player/android/src/main/java/com/doublesymmetry/trackplayer/utils/BundleUtils.kt:105:21 'get(String!): Any?' is deprecated. Deprecated in Java
w: file:///E:/rtmusicbox/mobile/node_modules/react-native-track-player/android/src/main/java/com/doublesymmetry/trackplayer/utils/BundleUtils.kt:112:21 'get(String!): Any?' is deprecated. Deprecated in Java
w: file:///E:/rtmusicbox/mobile/node_modules/react-native-track-player/android/src/main/java/com/doublesymmetry/trackplayer/utils/BundleUtils.kt:119:21 'get(String!): Any?' is deprecated. Deprecated in Java

> Task :react-native-track-player:compileDebugJavaWithJavac
> Task :react-native-track-player:processDebugJavaRes
> Task :react-native-track-player:bundleLibCompileToJarDebug
> Task :react-native-track-player:bundleLibRuntimeToJarDebug
> Task :app:mergeLibDexDebug
> Task :app:compileDebugKotlin
> Task :app:mergeExtDexDebug
> Task :react-native-screens:buildCMakeDebug[arm64-v8a]
> Task :app:compileDebugJavaWithJavac
> Task :app:dexBuilderDebug
> Task :app:processDebugJavaRes
> Task :app:mergeDebugGlobalSynthetics
> Task :app:mergeProjectDexDebug
> Task :react-native-screens:configureCMakeDebug[armeabi-v7a]
> Task :react-native-screens:buildCMakeDebug[armeabi-v7a]
> Task :react-native-screens:configureCMakeDebug[x86]
> Task :react-native-screens:buildCMakeDebug[x86]
> Task :app:mergeDebugJavaResource
> Task :react-native-screens:configureCMakeDebug[x86_64]
> Task :react-native-screens:buildCMakeDebug[x86_64]
> Task :react-native-screens:mergeDebugJniLibFolders
> Task :react-native-track-player:mergeDebugJniLibFolders
> Task :react-native-track-player:mergeDebugNativeLibs NO-SOURCE
> Task :react-native-track-player:copyDebugJniLibsProjectOnly
> Task :react-native-vector-icons:mergeDebugJniLibFolders
> Task :react-native-vector-icons:mergeDebugNativeLibs NO-SOURCE
> Task :react-native-vector-icons:copyDebugJniLibsProjectOnly
> Task :app:validateSigningDebug
> Task :app:writeDebugAppMetadata
> Task :app:writeDebugSigningConfigVersions
> Task :react-native-screens:mergeDebugNativeLibs
> Task :react-native-async-storage_async-storage:stripDebugDebugSymbols NO-SOURCE
> Task :react-native-async-storage_async-storage:copyDebugJniLibsProjectAndLocalJars
> Task :react-native-screens:copyDebugJniLibsProjectOnly
> Task :react-native-async-storage_async-storage:extractDebugAnnotations
> Task :react-native-async-storage_async-storage:extractDeepLinksForAarDebug
> Task :react-native-async-storage_async-storage:mergeDebugGeneratedProguardFiles
> Task :react-native-async-storage_async-storage:mergeDebugConsumerProguardFiles
> Task :react-native-async-storage_async-storage:prepareDebugArtProfile
> Task :react-native-async-storage_async-storage:prepareLintJarForPublish
> Task :react-native-safe-area-context:stripDebugDebugSymbols NO-SOURCE
> Task :react-native-safe-area-context:copyDebugJniLibsProjectAndLocalJars
> Task :react-native-async-storage_async-storage:mergeDebugJavaResource
> Task :react-native-safe-area-context:extractDebugAnnotations
> Task :react-native-async-storage_async-storage:syncDebugLibJars
> Task :react-native-async-storage_async-storage:bundleDebugAar
> Task :react-native-async-storage_async-storage:assembleDebug
> Task :react-native-safe-area-context:extractDeepLinksForAarDebug
> Task :react-native-safe-area-context:mergeDebugGeneratedProguardFiles
> Task :react-native-safe-area-context:mergeDebugConsumerProguardFiles
> Task :react-native-safe-area-context:prepareDebugArtProfile
> Task :react-native-safe-area-context:prepareLintJarForPublish
> Task :react-native-safe-area-context:mergeDebugJavaResource
> Task :react-native-screens:extractDebugAnnotations
> Task :react-native-safe-area-context:syncDebugLibJars
> Task :react-native-safe-area-context:bundleDebugAar
> Task :react-native-safe-area-context:assembleDebug
> Task :react-native-screens:extractDeepLinksForAarDebug
> Task :react-native-screens:mergeDebugGeneratedProguardFiles
> Task :react-native-screens:mergeDebugConsumerProguardFiles
> Task :react-native-screens:prepareDebugArtProfile
> Task :react-native-screens:prepareLintJarForPublish
> Task :react-native-track-player:stripDebugDebugSymbols NO-SOURCE
> Task :react-native-track-player:copyDebugJniLibsProjectAndLocalJars
> Task :react-native-screens:mergeDebugJavaResource
> Task :react-native-track-player:extractDebugAnnotations
> Task :react-native-screens:syncDebugLibJars
> Task :react-native-track-player:extractDeepLinksForAarDebug
> Task :react-native-track-player:mergeDebugGeneratedProguardFiles
> Task :react-native-track-player:mergeDebugConsumerProguardFiles
> Task :react-native-track-player:prepareDebugArtProfile
> Task :react-native-track-player:prepareLintJarForPublish
> Task :react-native-vector-icons:stripDebugDebugSymbols NO-SOURCE
> Task :react-native-vector-icons:copyDebugJniLibsProjectAndLocalJars
> Task :react-native-vector-icons:extractDebugAnnotations
> Task :react-native-vector-icons:extractDeepLinksForAarDebug
> Task :react-native-vector-icons:mergeDebugGeneratedProguardFiles
> Task :react-native-vector-icons:mergeDebugConsumerProguardFiles
> Task :react-native-track-player:mergeDebugJavaResource
> Task :react-native-track-player:syncDebugLibJars
> Task :react-native-track-player:bundleDebugAar
> Task :react-native-track-player:assembleDebug
> Task :react-native-vector-icons:prepareDebugArtProfile
> Task :react-native-vector-icons:prepareLintJarForPublish
> Task :react-native-vector-icons:mergeDebugJavaResource
> Task :react-native-vector-icons:syncDebugLibJars
> Task :react-native-screens:stripDebugDebugSymbols
> Task :react-native-vector-icons:bundleDebugAar
> Task :react-native-vector-icons:assembleDebug
> Task :react-native-screens:copyDebugJniLibsProjectAndLocalJars
> Task :react-native-screens:bundleDebugAar
> Task :react-native-screens:assembleDebug
> Task :app:mergeDebugNativeLibs
> Task :app:stripDebugDebugSymbols
> Task :app:packageDebug
> Task :app:createDebugApkListingFileRedirect
> Task :app:assembleDebug

Deprecated Gradle features were used in this build, making it incompatible with Gradle 9.0.

You can use '--warning-mode all' to show the individual deprecation warnings and determine if they come from your own scripts or plugins.

For more on this, please refer to https://docs.gradle.org/8.3/userguide/command_line_interface.html#sec:command_line_warnings in the Gradle documentation.

BUILD SUCCESSFUL in 1m 28s
193 actionable tasks: 142 executed, 51 up-to-date
